<?xml version="1.0" encoding="UTF-8"?>
<coverage generated="1693967752195" clover="3.2.0">
  <project timestamp="1693967752195" name="All files">
    <metrics statements="7" coveredstatements="7" conditionals="2" coveredconditionals="2" methods="1" coveredmethods="1" elements="10" coveredelements="10" complexity="0" loc="7" ncloc="7" packages="1" files="1" classes="1"/>
    <file name="ContainsDuplicate.js" path="C:\Users\Abi\Projects\DSA\Arrays\Hash\ContainsDuplicate\ContainsDuplicate.js">
      <metrics statements="7" coveredstatements="7" conditionals="2" coveredconditionals="2" methods="1" coveredmethods="1"/>
      <line num="3" count="1" type="stmt"/>
      <line num="4" count="3" type="stmt"/>
      <line num="5" count="3" type="stmt"/>
      <line num="6" count="10" type="cond" truecount="2" falsecount="0"/>
      <line num="7" count="8" type="stmt"/>
      <line num="9" count="1" type="stmt"/>
      <line num="12" count="1" type="stmt"/>
    </file>
  </project>
</coverage>
