{"C:\\Users\\Abi\\Projects\\DSA\\Arrays\\Hash\\ContainsDuplicate\\ContainsDuplicate.js": {"path":"C:\\Users\\Abi\\Projects\\DSA\\Arrays\\Hash\\ContainsDuplicate\\ContainsDuplicate.js","statementMap":{"0":{"start":{"line":3,"column":24},"end":{"line":10,"column":1}},"1":{"start":{"line":4,"column":14},"end":{"line":4,"column":23}},"2":{"start":{"line":5,"column":2},"end":{"line":8,"column":3}},"3":{"start":{"line":5,"column":15},"end":{"line":5,"column":16}},"4":{"start":{"line":6,"column":4},"end":{"line":7,"column":26}},"5":{"start":{"line":6,"column":26},"end":{"line":6,"column":38}},"6":{"start":{"line":7,"column":9},"end":{"line":7,"column":26}},"7":{"start":{"line":9,"column":2},"end":{"line":9,"column":15}},"8":{"start":{"line":12,"column":0},"end":{"line":12,"column":35}}},"fnMap":{"0":{"name":"(anonymous_0)","decl":{"start":{"line":3,"column":24},"end":{"line":3,"column":25}},"loc":{"start":{"line":3,"column":40},"end":{"line":10,"column":1}},"line":3}},"branchMap":{"0":{"loc":{"start":{"line":6,"column":4},"end":{"line":7,"column":26}},"type":"if","locations":[{"start":{"line":6,"column":4},"end":{"line":7,"column":26}},{"start":{"line":7,"column":9},"end":{"line":7,"column":26}}],"line":6}},"s":{"0":1,"1":3,"2":3,"3":3,"4":10,"5":2,"6":8,"7":1,"8":1},"f":{"0":3},"b":{"0":[2,8]},"_coverageSchema":"1a1c01bbd47fc00a2c39e90264f33305004495a9","hash":"ed996f2772cd4b028fa7b169de51cac78034cb74"}
}
